0 info it worked if it ends with ok
1 verbose cli [ 'C:\\Program Files\\nodejs\\node.exe',
1 verbose cli   'C:\\Users\\Emma Ramirez\\AppData\\Roaming\\npm\\node_modules\\npm\\bin\\npm-cli.js',
1 verbose cli   'run',
1 verbose cli   'go' ]
2 info using npm@3.8.9
3 info using node@v4.4.3
4 verbose run-script [ 'prego', 'go', 'postgo' ]
5 info lifecycle clickopolis-delta@0.0.1~prego: clickopolis-delta@0.0.1
6 silly lifecycle clickopolis-delta@0.0.1~prego: no script for prego, continuing
7 info lifecycle clickopolis-delta@0.0.1~go: clickopolis-delta@0.0.1
8 verbose lifecycle clickopolis-delta@0.0.1~go: unsafe-perm in lifecycle true
9 verbose lifecycle clickopolis-delta@0.0.1~go: PATH: C:\Users\Emma Ramirez\AppData\Roaming\npm\node_modules\npm\bin\node-gyp-bin;C:\Users\Emma Ramirez\Code\Clickopolis\clickopolis-delta\node_modules\.bin;C:\Program Files\nodejs;C:\Users\Emma Ramirez\AppData\Roaming\npm;C:\Program Files\nodejs\;C:\Program Files\Haskell\bin;C:\Program Files\Haskell Platform\7.10.3\lib\extralibs\bin;C:\Program Files\Haskell Platform\7.10.3\bin;C:\Program Files (x86)\Intel\iCLS Client\;C:\Program Files\Intel\iCLS Client\;C:\Windows\system32;C:\Windows;C:\Windows\System32\Wbem;C:\Windows\System32\WindowsPowerShell\v1.0\;C:\Program Files (x86)\NVIDIA Corporation\PhysX\Common;c:\Program Files\Intel\WiFi\bin\;c:\Program Files\Common Files\Intel\WirelessCommon\;C:\Program Files (x86)\Intel\Intel(R) Management Engine Components\DAL;C:\Program Files\Intel\Intel(R) Management Engine Components\DAL;C:\Program Files (x86)\Intel\Intel(R) Management Engine Components\IPT;C:\Program Files\Intel\Intel(R) Management Engine Components\IPT;C:\WINDOWS\system32;C:\WINDOWS;C:\WINDOWS\System32\Wbem;C:\WINDOWS\System32\WindowsPowerShell\v1.0\;C:\WINDOWS\system32\config\systemprofile\.dnx\bin;C:\Program Files\Microsoft DNX\Dnvm\;C:\Go\bin;C:\Program Files (x86)\Windows Kits\10\Windows Performance Toolkit\;C:\Program Files\Haskell Platform\7.10.3\mingw\bin;C:\Program Files\Git\cmd;C:\Program Files (x86)\Skype\Phone\;C:\Users\Emma Ramirez\AppData\Roaming\nvm;C:\Program Files\nodejs;C:\Program Files\nodejs\;C:\Program Files (x86)\Elm Platform\0.16\bin;C:\Users\Emma Ramirez\AppData\Roaming\cabal\bin;C:\Users\Emma Ramirez\AppData\Local\Programs\Python\Python35-32\Scripts\;C:\Users\Emma Ramirez\AppData\Local\Programs\Python\Python35-32\;C:\Ruby22-x64\bin;C:\Users\Emma Ramirez\AppData\Local\atom\bin;C:\Program Files (x86)\Microsoft VS Code\bin;C:\Users\Emma Ramirez\AppData\Roaming\nvm;C:\Program Files\nodejs;C:\Users\Emma Ramirez\AppData\Roaming\npm
10 verbose lifecycle clickopolis-delta@0.0.1~go: CWD: C:\Users\Emma Ramirez\Code\Clickopolis\clickopolis-delta
11 silly lifecycle clickopolis-delta@0.0.1~go: Args: [ '/d /s /c', '"npm run webpack" "npm run css"' ]
12 silly lifecycle clickopolis-delta@0.0.1~go: Returned: code: 1  signal: null
13 info lifecycle clickopolis-delta@0.0.1~go: Failed to exec go script
14 verbose stack Error: clickopolis-delta@0.0.1 go: `"npm run webpack" "npm run css"`
14 verbose stack Exit status 1
14 verbose stack     at EventEmitter.<anonymous> (C:\Users\Emma Ramirez\AppData\Roaming\npm\node_modules\npm\lib\utils\lifecycle.js:245:16)
14 verbose stack     at emitTwo (events.js:87:13)
14 verbose stack     at EventEmitter.emit (events.js:172:7)
14 verbose stack     at ChildProcess.<anonymous> (C:\Users\Emma Ramirez\AppData\Roaming\npm\node_modules\npm\lib\utils\spawn.js:24:14)
14 verbose stack     at emitTwo (events.js:87:13)
14 verbose stack     at ChildProcess.emit (events.js:172:7)
14 verbose stack     at maybeClose (internal/child_process.js:827:16)
14 verbose stack     at Process.ChildProcess._handle.onexit (internal/child_process.js:211:5)
15 verbose pkgid clickopolis-delta@0.0.1
16 verbose cwd C:\Users\Emma Ramirez\Code\Clickopolis\clickopolis-delta
17 error Windows_NT 10.0.10586
18 error argv "C:\\Program Files\\nodejs\\node.exe" "C:\\Users\\Emma Ramirez\\AppData\\Roaming\\npm\\node_modules\\npm\\bin\\npm-cli.js" "run" "go"
19 error node v4.4.3
20 error npm  v3.8.9
21 error code ELIFECYCLE
22 error clickopolis-delta@0.0.1 go: `"npm run webpack" "npm run css"`
22 error Exit status 1
23 error Failed at the clickopolis-delta@0.0.1 go script '"npm run webpack" "npm run css"'.
23 error Make sure you have the latest version of node.js and npm installed.
23 error If you do, this is most likely a problem with the clickopolis-delta package,
23 error not with npm itself.
23 error Tell the author that this fails on your system:
23 error     "npm run webpack" "npm run css"
23 error You can get information on how to open an issue for this project with:
23 error     npm bugs clickopolis-delta
23 error Or if that isn't available, you can get their info via:
23 error     npm owner ls clickopolis-delta
23 error There is likely additional logging output above.
24 verbose exit [ 1, true ]
